<?xml version="1.0" encoding="UTF-8"?>
<testng-results ignored="0" total="5" passed="5" failed="0" skipped="0">
  <reporter-output>
  </reporter-output>
  <suite started-at="2022-08-22T14:01:28 CDT" name="Surefire suite" finished-at="2022-08-22T14:02:05 CDT" duration-ms="37683">
    <groups>
      <group name="cucumber">
        <method signature="AbstractTestNGCucumberTests.runScenario(io.cucumber.testng.PickleWrapper,io.cucumber.testng.FeatureWrapper)[pri:0, instance:runners.TestNgRunner@2fd6b6c7]" name="runScenario" class="io.cucumber.testng.AbstractTestNGCucumberTests"/>
        <method signature="AbstractTestNGCucumberTests.runScenario(io.cucumber.testng.PickleWrapper,io.cucumber.testng.FeatureWrapper)[pri:0, instance:runners.TestNgRunnerFailedTestCases@60dcc9fe]" name="runScenario" class="io.cucumber.testng.AbstractTestNGCucumberTests"/>
      </group> <!-- cucumber -->
    </groups>
    <test started-at="2022-08-22T14:01:28 CDT" name="Surefire test" finished-at="2022-08-22T14:02:05 CDT" duration-ms="37683">
      <class name="runners.TestNgRunnerFailedTestCases">
        <test-method is-config="true" signature="setUpClass(org.testng.ITestContext)[pri:0, instance:runners.TestNgRunnerFailedTestCases@60dcc9fe]" started-at="2022-08-22T14:02:05 CDT" name="setUpClass" finished-at="2022-08-22T14:02:05 CDT" duration-ms="11" status="PASS">
          <params>
            <param index="0">
              <value>
                <![CDATA[org.testng.TestRunner@687e6293]]>
              </value>
            </param>
          </params>
          <reporter-output>
          </reporter-output>
        </test-method> <!-- setUpClass -->
        <test-method is-config="true" signature="tearDownClass()[pri:0, instance:runners.TestNgRunnerFailedTestCases@60dcc9fe]" started-at="2022-08-22T14:02:05 CDT" name="tearDownClass" finished-at="2022-08-22T14:02:05 CDT" duration-ms="14" status="PASS">
          <reporter-output>
          </reporter-output>
        </test-method> <!-- tearDownClass -->
      </class> <!-- runners.TestNgRunnerFailedTestCases -->
      <class name="runners.TestNgRunner">
        <test-method is-config="true" signature="setUpClass(org.testng.ITestContext)[pri:0, instance:runners.TestNgRunner@2fd6b6c7]" started-at="2022-08-22T14:01:28 CDT" name="setUpClass" finished-at="2022-08-22T14:01:28 CDT" duration-ms="541" status="PASS">
          <params>
            <param index="0">
              <value>
                <![CDATA[org.testng.TestRunner@687e6293]]>
              </value>
            </param>
          </params>
          <reporter-output>
          </reporter-output>
        </test-method> <!-- setUpClass -->
        <test-method signature="runScenario(io.cucumber.testng.PickleWrapper,io.cucumber.testng.FeatureWrapper)[pri:0, instance:runners.TestNgRunner@2fd6b6c7]" started-at="2022-08-22T14:01:28 CDT" name="runScenario" description="Runs Cucumber Scenarios" data-provider="scenarios" finished-at="2022-08-22T14:01:44 CDT" duration-ms="16053" status="PASS">
          <params>
            <param index="0">
              <value>
                <![CDATA["Place order valid data"]]>
              </value>
            </param>
            <param index="1">
              <value>
                <![CDATA["Place order for products"]]>
              </value>
            </param>
          </params>
          <reporter-output>
          </reporter-output>
        </test-method> <!-- runScenario -->
        <test-method signature="runScenario(io.cucumber.testng.PickleWrapper,io.cucumber.testng.FeatureWrapper)[pri:0, instance:runners.TestNgRunner@2fd6b6c7]" started-at="2022-08-22T14:01:44 CDT" name="runScenario" description="Runs Cucumber Scenarios" data-provider="scenarios" finished-at="2022-08-22T14:01:50 CDT" duration-ms="5233" status="PASS">
          <params>
            <param index="0">
              <value>
                <![CDATA["Search non-existing product in home page"]]>
              </value>
            </param>
            <param index="1">
              <value>
                <![CDATA["Search products"]]>
              </value>
            </param>
          </params>
          <reporter-output>
          </reporter-output>
        </test-method> <!-- runScenario -->
        <test-method signature="runScenario(io.cucumber.testng.PickleWrapper,io.cucumber.testng.FeatureWrapper)[pri:0, instance:runners.TestNgRunner@2fd6b6c7]" started-at="2022-08-22T14:01:50 CDT" name="runScenario" description="Runs Cucumber Scenarios" data-provider="scenarios" finished-at="2022-08-22T14:01:55 CDT" duration-ms="5291" status="PASS">
          <params>
            <param index="0">
              <value>
                <![CDATA["Search existing product in home page"]]>
              </value>
            </param>
            <param index="1">
              <value>
                <![CDATA["Search products"]]>
              </value>
            </param>
          </params>
          <reporter-output>
          </reporter-output>
        </test-method> <!-- runScenario -->
        <test-method signature="runScenario(io.cucumber.testng.PickleWrapper,io.cucumber.testng.FeatureWrapper)[pri:0, instance:runners.TestNgRunner@2fd6b6c7]" started-at="2022-08-22T14:01:55 CDT" name="runScenario" description="Runs Cucumber Scenarios" data-provider="scenarios" finished-at="2022-08-22T14:02:00 CDT" duration-ms="5241" status="PASS">
          <params>
            <param index="0">
              <value>
                <![CDATA["Search existing product in home page"]]>
              </value>
            </param>
            <param index="1">
              <value>
                <![CDATA["Search products"]]>
              </value>
            </param>
          </params>
          <reporter-output>
          </reporter-output>
        </test-method> <!-- runScenario -->
        <test-method signature="runScenario(io.cucumber.testng.PickleWrapper,io.cucumber.testng.FeatureWrapper)[pri:0, instance:runners.TestNgRunner@2fd6b6c7]" started-at="2022-08-22T14:02:00 CDT" name="runScenario" description="Runs Cucumber Scenarios" data-provider="scenarios" finished-at="2022-08-22T14:02:05 CDT" duration-ms="5226" status="PASS">
          <params>
            <param index="0">
              <value>
                <![CDATA["Search existing product in home page"]]>
              </value>
            </param>
            <param index="1">
              <value>
                <![CDATA["Search products"]]>
              </value>
            </param>
          </params>
          <reporter-output>
          </reporter-output>
        </test-method> <!-- runScenario -->
        <test-method is-config="true" signature="tearDownClass()[pri:0, instance:runners.TestNgRunner@2fd6b6c7]" started-at="2022-08-22T14:02:05 CDT" name="tearDownClass" finished-at="2022-08-22T14:02:05 CDT" duration-ms="25" status="PASS">
          <reporter-output>
          </reporter-output>
        </test-method> <!-- tearDownClass -->
      </class> <!-- runners.TestNgRunner -->
    </test> <!-- Surefire test -->
  </suite> <!-- Surefire suite -->
</testng-results>
